2021-09-13 16:58:45,552 [main] INFO  c.c.s.a.SpringcloudAlibabaApplication - Starting SpringcloudAlibabaApplication using Java 1.8.0_131 on DESKTOP-1137E26 with PID 12560 (D:\java_work\idea\work_space_02\springcloud-alibaba\target\classes started by 17611 in D:\java_work\idea\work_space_02\springcloud-alibaba)
2021-09-13 16:58:45,557 [main] INFO  c.c.s.a.SpringcloudAlibabaApplication - No active profile set, falling back to default profiles: default
2021-09-13 16:58:46,938 [main] INFO  o.s.d.r.c.RepositoryConfigurationDelegate - Multiple Spring Data modules found, entering strict repository configuration mode!
2021-09-13 16:58:46,941 [main] INFO  o.s.d.r.c.RepositoryConfigurationDelegate - Bootstrapping Spring Data Redis repositories in DEFAULT mode.
2021-09-13 16:58:46,976 [main] INFO  o.s.d.r.c.RepositoryConfigurationDelegate - Finished Spring Data repository scanning in 8 ms. Found 0 Redis repository interfaces.
2021-09-13 16:58:47,685 [main] INFO  o.s.b.w.e.tomcat.TomcatWebServer - Tomcat initialized with port(s): 8080 (http)
2021-09-13 16:58:47,698 [main] INFO  o.a.coyote.http11.Http11NioProtocol - Initializing ProtocolHandler ["http-nio-8080"]
2021-09-13 16:58:47,699 [main] INFO  o.a.catalina.core.StandardService - Starting service [Tomcat]
2021-09-13 16:58:47,699 [main] INFO  o.a.catalina.core.StandardEngine - Starting Servlet engine: [Apache Tomcat/9.0.52]
2021-09-13 16:58:47,819 [main] INFO  o.a.c.c.C.[Tomcat].[localhost].[/] - Initializing Spring embedded WebApplicationContext
2021-09-13 16:58:47,820 [main] INFO  o.s.b.w.s.c.ServletWebServerApplicationContext - Root WebApplicationContext: initialization completed in 2167 ms
2021-09-13 16:58:48,827 [main] DEBUG o.s.w.s.m.m.a.RequestMappingHandlerMapping - 8 mappings in 'requestMappingHandlerMapping'
2021-09-13 16:58:49,117 [main] DEBUG o.s.w.s.m.m.a.RequestMappingHandlerAdapter - ControllerAdvice beans: 0 @ModelAttribute, 0 @InitBinder, 1 RequestBodyAdvice, 1 ResponseBodyAdvice
2021-09-13 16:58:49,180 [main] DEBUG o.s.w.s.h.SimpleUrlHandlerMapping - Patterns [/webjars/**, /**] in 'resourceHandlerMapping'
2021-09-13 16:58:49,189 [main] DEBUG o.s.w.s.m.m.a.ExceptionHandlerExceptionResolver - ControllerAdvice beans: 0 @ExceptionHandler, 1 ResponseBodyAdvice
2021-09-13 16:58:49,422 [main] INFO  o.a.coyote.http11.Http11NioProtocol - Starting ProtocolHandler ["http-nio-8080"]
2021-09-13 16:58:49,463 [main] INFO  o.s.b.w.e.tomcat.TomcatWebServer - Tomcat started on port(s): 8080 (http) with context path ''
2021-09-13 16:58:49,467 [main] INFO  s.d.s.w.p.DocumentationPluginsBootstrapper - Context refreshed
2021-09-13 16:58:49,530 [main] INFO  s.d.s.w.p.DocumentationPluginsBootstrapper - Found 1 custom documentation plugin(s)
2021-09-13 16:58:49,593 [main] INFO  s.d.s.w.s.ApiListingReferenceScanner - Scanning for api listing references
2021-09-13 16:58:49,840 [main] INFO  c.c.s.a.SpringcloudAlibabaApplication - Started SpringcloudAlibabaApplication in 5.283 seconds (JVM running for 7.625)
2021-09-13 16:58:57,923 [http-nio-8080-exec-1] INFO  o.a.c.c.C.[Tomcat].[localhost].[/] - Initializing Spring DispatcherServlet 'dispatcherServlet'
2021-09-13 16:58:57,923 [http-nio-8080-exec-1] INFO  o.s.web.servlet.DispatcherServlet - Initializing Servlet 'dispatcherServlet'
2021-09-13 16:58:57,924 [http-nio-8080-exec-1] DEBUG o.s.web.servlet.DispatcherServlet - Detected StandardServletMultipartResolver
2021-09-13 16:58:57,924 [http-nio-8080-exec-1] DEBUG o.s.web.servlet.DispatcherServlet - Detected AcceptHeaderLocaleResolver
2021-09-13 16:58:57,924 [http-nio-8080-exec-1] DEBUG o.s.web.servlet.DispatcherServlet - Detected FixedThemeResolver
2021-09-13 16:58:57,925 [http-nio-8080-exec-1] DEBUG o.s.web.servlet.DispatcherServlet - Detected org.springframework.web.servlet.view.DefaultRequestToViewNameTranslator@40476955
2021-09-13 16:58:57,926 [http-nio-8080-exec-1] DEBUG o.s.web.servlet.DispatcherServlet - Detected org.springframework.web.servlet.support.SessionFlashMapManager@52c4dbb7
2021-09-13 16:58:57,926 [http-nio-8080-exec-1] DEBUG o.s.web.servlet.DispatcherServlet - enableLoggingRequestDetails='false': request parameters and headers will be masked to prevent unsafe logging of potentially sensitive data
2021-09-13 16:58:57,927 [http-nio-8080-exec-1] INFO  o.s.web.servlet.DispatcherServlet - Completed initialization in 3 ms
2021-09-13 16:58:57,939 [http-nio-8080-exec-1] DEBUG o.s.web.servlet.DispatcherServlet - GET "/doc.html", parameters={}
2021-09-13 16:58:57,949 [http-nio-8080-exec-1] DEBUG o.s.w.s.h.SimpleUrlHandlerMapping - Mapped to ResourceHttpRequestHandler [Classpath [META-INF/resources/], Classpath [resources/], Classpath [static/], Classpath [public/], ServletContext [/]]
2021-09-13 16:58:57,953 [http-nio-8080-exec-1] DEBUG o.s.web.servlet.DispatcherServlet - Completed 304 NOT_MODIFIED
2021-09-13 16:58:58,222 [http-nio-8080-exec-2] DEBUG o.s.web.servlet.DispatcherServlet - GET "/webjars/bycdao-ui/images/api.ico", parameters={}
2021-09-13 16:58:58,227 [http-nio-8080-exec-2] DEBUG o.s.w.s.h.SimpleUrlHandlerMapping - Mapped to ResourceHttpRequestHandler [Classpath [META-INF/resources/webjars/]]
2021-09-13 16:58:58,250 [http-nio-8080-exec-3] DEBUG o.s.web.servlet.DispatcherServlet - GET "/swagger-resources/configuration/ui", parameters={}
2021-09-13 16:58:58,253 [http-nio-8080-exec-3] DEBUG o.s.w.s.m.m.a.RequestMappingHandlerMapping - Mapped to springfox.documentation.swagger.web.ApiResourceController#uiConfiguration()
2021-09-13 16:58:58,262 [http-nio-8080-exec-4] DEBUG o.s.web.servlet.DispatcherServlet - GET "/swagger-resources", parameters={}
2021-09-13 16:58:58,262 [http-nio-8080-exec-4] DEBUG o.s.w.s.m.m.a.RequestMappingHandlerMapping - Mapped to springfox.documentation.swagger.web.ApiResourceController#swaggerResources()
2021-09-13 16:58:58,286 [http-nio-8080-exec-2] DEBUG o.s.web.servlet.DispatcherServlet - Completed 200 OK
2021-09-13 16:58:58,302 [http-nio-8080-exec-4] DEBUG o.s.w.s.m.m.a.HttpEntityMethodProcessor - Using 'application/json', given [application/json, text/javascript, */*;q=0.01] and supported [application/json, application/*+json, application/json, application/*+json]
2021-09-13 16:58:58,303 [http-nio-8080-exec-4] DEBUG o.s.w.s.m.m.a.HttpEntityMethodProcessor - Writing [[springfox.documentation.swagger.web.SwaggerResource@71239722]]
2021-09-13 16:58:58,329 [http-nio-8080-exec-3] DEBUG o.s.w.s.m.m.a.HttpEntityMethodProcessor - Using 'application/json', given [application/json, text/javascript, */*;q=0.01] and supported [application/json, application/*+json, application/json, application/*+json]
2021-09-13 16:58:58,329 [http-nio-8080-exec-3] DEBUG o.s.w.s.m.m.a.HttpEntityMethodProcessor - Writing [springfox.documentation.swagger.web.UiConfiguration@59f738a4]
2021-09-13 16:58:58,331 [http-nio-8080-exec-3] DEBUG o.s.web.servlet.DispatcherServlet - Completed 200 OK
2021-09-13 16:58:58,332 [http-nio-8080-exec-4] DEBUG o.s.web.servlet.DispatcherServlet - Completed 200 OK
2021-09-13 16:58:58,343 [http-nio-8080-exec-5] DEBUG o.s.web.servlet.DispatcherServlet - GET "/v2/api-docs", parameters={}
2021-09-13 16:58:58,344 [http-nio-8080-exec-5] DEBUG o.s.w.s.m.m.a.RequestMappingHandlerMapping - Mapped to springfox.documentation.swagger2.web.Swagger2Controller#getDocumentation(String, HttpServletRequest)
2021-09-13 16:58:58,504 [http-nio-8080-exec-5] DEBUG o.s.w.s.m.m.a.HttpEntityMethodProcessor - Using 'application/json', given [application/json, text/javascript, */*;q=0.01] and supported [application/json, application/hal+json]
2021-09-13 16:58:58,507 [http-nio-8080-exec-5] DEBUG o.s.w.s.m.m.a.HttpEntityMethodProcessor - Writing [springfox.documentation.spring.web.json.Json@2412ffe5]
2021-09-13 16:58:58,508 [http-nio-8080-exec-5] DEBUG o.s.web.servlet.DispatcherServlet - Completed 200 OK
2021-09-13 16:59:06,552 [http-nio-8080-exec-6] DEBUG o.s.web.servlet.DispatcherServlet - POST "/redis-login", parameters={}
2021-09-13 16:59:06,553 [http-nio-8080-exec-6] DEBUG o.s.w.s.m.m.a.RequestMappingHandlerMapping - Mapped to com.cheche.springcloud.alibaba.controller.RedisController#redisLogin(User)
2021-09-13 16:59:06,596 [http-nio-8080-exec-6] DEBUG o.s.w.s.m.m.a.RequestResponseBodyMethodProcessor - Read "application/json;charset=UTF-8" to [User(userName=, passWord=)]
2021-09-13 16:59:06,612 [http-nio-8080-exec-6] DEBUG o.s.w.s.m.m.a.RequestResponseBodyMethodProcessor - Using 'application/json', given [*/*] and supported [application/json, application/*+json, application/json, application/*+json]
2021-09-13 16:59:06,612 [http-nio-8080-exec-6] DEBUG o.s.w.s.m.m.a.RequestResponseBodyMethodProcessor - Writing [Result(code=200, message=OK, timestamp=2021-09-13 16:59:06 606, data=User(userName=, passWord=))]
2021-09-13 16:59:06,617 [http-nio-8080-exec-6] DEBUG o.s.web.servlet.DispatcherServlet - Completed 200 OK
2021-09-13 17:07:24,117 [main] INFO  c.c.s.a.SpringcloudAlibabaApplication - Starting SpringcloudAlibabaApplication using Java 1.8.0_131 on DESKTOP-1137E26 with PID 12468 (D:\java_work\idea\work_space_02\springcloud-alibaba\target\classes started by 17611 in D:\java_work\idea\work_space_02\springcloud-alibaba)
2021-09-13 17:07:24,121 [main] INFO  c.c.s.a.SpringcloudAlibabaApplication - No active profile set, falling back to default profiles: default
2021-09-13 17:07:25,332 [main] INFO  o.s.d.r.c.RepositoryConfigurationDelegate - Multiple Spring Data modules found, entering strict repository configuration mode!
2021-09-13 17:07:25,335 [main] INFO  o.s.d.r.c.RepositoryConfigurationDelegate - Bootstrapping Spring Data Redis repositories in DEFAULT mode.
2021-09-13 17:07:25,362 [main] INFO  o.s.d.r.c.RepositoryConfigurationDelegate - Finished Spring Data repository scanning in 8 ms. Found 0 Redis repository interfaces.
2021-09-13 17:07:26,056 [main] INFO  o.s.b.w.e.tomcat.TomcatWebServer - Tomcat initialized with port(s): 8080 (http)
2021-09-13 17:07:26,069 [main] INFO  o.a.coyote.http11.Http11NioProtocol - Initializing ProtocolHandler ["http-nio-8080"]
2021-09-13 17:07:26,071 [main] INFO  o.a.catalina.core.StandardService - Starting service [Tomcat]
2021-09-13 17:07:26,071 [main] INFO  o.a.catalina.core.StandardEngine - Starting Servlet engine: [Apache Tomcat/9.0.52]
2021-09-13 17:07:26,189 [main] INFO  o.a.c.c.C.[Tomcat].[localhost].[/] - Initializing Spring embedded WebApplicationContext
2021-09-13 17:07:26,189 [main] INFO  o.s.b.w.s.c.ServletWebServerApplicationContext - Root WebApplicationContext: initialization completed in 1993 ms
2021-09-13 17:07:27,018 [main] DEBUG o.s.w.s.m.m.a.RequestMappingHandlerMapping - 8 mappings in 'requestMappingHandlerMapping'
2021-09-13 17:07:27,226 [main] DEBUG o.s.w.s.m.m.a.RequestMappingHandlerAdapter - ControllerAdvice beans: 0 @ModelAttribute, 0 @InitBinder, 1 RequestBodyAdvice, 1 ResponseBodyAdvice
2021-09-13 17:07:27,291 [main] DEBUG o.s.w.s.h.SimpleUrlHandlerMapping - Patterns [/webjars/**, /**] in 'resourceHandlerMapping'
2021-09-13 17:07:27,300 [main] DEBUG o.s.w.s.m.m.a.ExceptionHandlerExceptionResolver - ControllerAdvice beans: 0 @ExceptionHandler, 1 ResponseBodyAdvice
2021-09-13 17:07:27,531 [main] INFO  o.a.coyote.http11.Http11NioProtocol - Starting ProtocolHandler ["http-nio-8080"]
2021-09-13 17:07:27,561 [main] INFO  o.s.b.w.e.tomcat.TomcatWebServer - Tomcat started on port(s): 8080 (http) with context path ''
2021-09-13 17:07:27,562 [main] INFO  s.d.s.w.p.DocumentationPluginsBootstrapper - Context refreshed
2021-09-13 17:07:27,585 [main] INFO  s.d.s.w.p.DocumentationPluginsBootstrapper - Found 1 custom documentation plugin(s)
2021-09-13 17:07:27,605 [main] INFO  s.d.s.w.s.ApiListingReferenceScanner - Scanning for api listing references
2021-09-13 17:07:27,824 [main] INFO  c.c.s.a.SpringcloudAlibabaApplication - Started SpringcloudAlibabaApplication in 4.653 seconds (JVM running for 6.747)
2021-09-13 17:07:56,697 [http-nio-8080-exec-1] INFO  o.a.c.c.C.[Tomcat].[localhost].[/] - Initializing Spring DispatcherServlet 'dispatcherServlet'
2021-09-13 17:07:56,697 [http-nio-8080-exec-1] INFO  o.s.web.servlet.DispatcherServlet - Initializing Servlet 'dispatcherServlet'
2021-09-13 17:07:56,697 [http-nio-8080-exec-1] DEBUG o.s.web.servlet.DispatcherServlet - Detected StandardServletMultipartResolver
2021-09-13 17:07:56,698 [http-nio-8080-exec-1] DEBUG o.s.web.servlet.DispatcherServlet - Detected AcceptHeaderLocaleResolver
2021-09-13 17:07:56,698 [http-nio-8080-exec-1] DEBUG o.s.web.servlet.DispatcherServlet - Detected FixedThemeResolver
2021-09-13 17:07:56,699 [http-nio-8080-exec-1] DEBUG o.s.web.servlet.DispatcherServlet - Detected org.springframework.web.servlet.view.DefaultRequestToViewNameTranslator@7a1f9421
2021-09-13 17:07:56,700 [http-nio-8080-exec-1] DEBUG o.s.web.servlet.DispatcherServlet - Detected org.springframework.web.servlet.support.SessionFlashMapManager@1b8e7cf7
2021-09-13 17:07:56,700 [http-nio-8080-exec-1] DEBUG o.s.web.servlet.DispatcherServlet - enableLoggingRequestDetails='false': request parameters and headers will be masked to prevent unsafe logging of potentially sensitive data
2021-09-13 17:07:56,700 [http-nio-8080-exec-1] INFO  o.s.web.servlet.DispatcherServlet - Completed initialization in 3 ms
2021-09-13 17:07:56,720 [http-nio-8080-exec-1] DEBUG o.s.web.servlet.DispatcherServlet - GET "/doc.html", parameters={}
2021-09-13 17:07:56,737 [http-nio-8080-exec-1] DEBUG o.s.w.s.h.SimpleUrlHandlerMapping - Mapped to ResourceHttpRequestHandler [Classpath [META-INF/resources/], Classpath [resources/], Classpath [static/], Classpath [public/], ServletContext [/]]
2021-09-13 17:07:56,749 [http-nio-8080-exec-1] DEBUG o.s.web.servlet.DispatcherServlet - Completed 304 NOT_MODIFIED
2021-09-13 17:07:56,807 [http-nio-8080-exec-2] DEBUG o.s.web.servlet.DispatcherServlet - GET "/webjars/bycdao-ui/ext/i18n.js", parameters={}
2021-09-13 17:07:56,807 [http-nio-8080-exec-5] DEBUG o.s.web.servlet.DispatcherServlet - GET "/webjars/bycdao-ui/ace/ace.min.js", parameters={}
2021-09-13 17:07:56,808 [http-nio-8080-exec-3] DEBUG o.s.web.servlet.DispatcherServlet - GET "/webjars/bycdao-ui/jquery/jquery-1.12.4.min.js", parameters={}
2021-09-13 17:07:56,811 [http-nio-8080-exec-3] DEBUG o.s.w.s.h.SimpleUrlHandlerMapping - Mapped to ResourceHttpRequestHandler [Classpath [META-INF/resources/webjars/]]
2021-09-13 17:07:56,809 [http-nio-8080-exec-2] DEBUG o.s.w.s.h.SimpleUrlHandlerMapping - Mapped to ResourceHttpRequestHandler [Classpath [META-INF/resources/webjars/]]
2021-09-13 17:07:56,813 [http-nio-8080-exec-5] DEBUG o.s.w.s.h.SimpleUrlHandlerMapping - Mapped to ResourceHttpRequestHandler [Classpath [META-INF/resources/webjars/]]
2021-09-13 17:07:56,814 [http-nio-8080-exec-2] DEBUG o.s.web.servlet.DispatcherServlet - Completed 304 NOT_MODIFIED
2021-09-13 17:07:56,813 [http-nio-8080-exec-3] DEBUG o.s.web.servlet.DispatcherServlet - Completed 304 NOT_MODIFIED
2021-09-13 17:07:56,814 [http-nio-8080-exec-5] DEBUG o.s.web.servlet.DispatcherServlet - Completed 304 NOT_MODIFIED
2021-09-13 17:07:56,814 [http-nio-8080-exec-4] DEBUG o.s.web.servlet.DispatcherServlet - GET "/webjars/bycdao-ui/ace/bootstrap.min.js", parameters={}
2021-09-13 17:07:56,817 [http-nio-8080-exec-7] DEBUG o.s.web.servlet.DispatcherServlet - GET "/webjars/bycdao-ui/jquery/clipboard/clipboard.min.js", parameters={}
2021-09-13 17:07:56,817 [http-nio-8080-exec-4] DEBUG o.s.w.s.h.SimpleUrlHandlerMapping - Mapped to ResourceHttpRequestHandler [Classpath [META-INF/resources/webjars/]]
2021-09-13 17:07:56,818 [http-nio-8080-exec-6] DEBUG o.s.web.servlet.DispatcherServlet - GET "/webjars/bycdao-ui/bootstrap/css/bootstrap.min.css", parameters={}
2021-09-13 17:07:56,818 [http-nio-8080-exec-7] DEBUG o.s.w.s.h.SimpleUrlHandlerMapping - Mapped to ResourceHttpRequestHandler [Classpath [META-INF/resources/webjars/]]
2021-09-13 17:07:56,819 [http-nio-8080-exec-7] DEBUG o.s.web.servlet.DispatcherServlet - Completed 304 NOT_MODIFIED
2021-09-13 17:07:56,824 [http-nio-8080-exec-4] DEBUG o.s.web.servlet.DispatcherServlet - Completed 304 NOT_MODIFIED
2021-09-13 17:07:56,824 [http-nio-8080-exec-6] DEBUG o.s.w.s.h.SimpleUrlHandlerMapping - Mapped to ResourceHttpRequestHandler [Classpath [META-INF/resources/webjars/]]
2021-09-13 17:07:56,825 [http-nio-8080-exec-8] DEBUG o.s.web.servlet.DispatcherServlet - GET "/webjars/bycdao-ui/highlight/styles/docco.css", parameters={}
2021-09-13 17:07:56,827 [http-nio-8080-exec-8] DEBUG o.s.w.s.h.SimpleUrlHandlerMapping - Mapped to ResourceHttpRequestHandler [Classpath [META-INF/resources/webjars/]]
2021-09-13 17:07:56,828 [http-nio-8080-exec-6] DEBUG o.s.web.servlet.DispatcherServlet - Completed 304 NOT_MODIFIED
2021-09-13 17:07:56,829 [http-nio-8080-exec-8] DEBUG o.s.web.servlet.DispatcherServlet - Completed 304 NOT_MODIFIED
2021-09-13 17:07:56,831 [http-nio-8080-exec-9] DEBUG o.s.web.servlet.DispatcherServlet - GET "/webjars/bycdao-ui/layer3.0.3/skin/default/layer.css", parameters={}
2021-09-13 17:07:56,832 [http-nio-8080-exec-9] DEBUG o.s.w.s.h.SimpleUrlHandlerMapping - Mapped to ResourceHttpRequestHandler [Classpath [META-INF/resources/webjars/]]
2021-09-13 17:07:56,833 [http-nio-8080-exec-9] DEBUG o.s.web.servlet.DispatcherServlet - Completed 304 NOT_MODIFIED
2021-09-13 17:07:56,840 [http-nio-8080-exec-10] DEBUG o.s.web.servlet.DispatcherServlet - GET "/webjars/bycdao-ui/highlight/styles/style.css", parameters={}
2021-09-13 17:07:56,840 [http-nio-8080-exec-2] DEBUG o.s.web.servlet.DispatcherServlet - GET "/webjars/bycdao-ui/ext/sbuadmin.css", parameters={}
2021-09-13 17:07:56,841 [http-nio-8080-exec-10] DEBUG o.s.w.s.h.SimpleUrlHandlerMapping - Mapped to ResourceHttpRequestHandler [Classpath [META-INF/resources/webjars/]]
2021-09-13 17:07:56,840 [http-nio-8080-exec-5] DEBUG o.s.web.servlet.DispatcherServlet - GET "/webjars/bycdao-ui/iconfont/iconfont.css", parameters={}
2021-09-13 17:07:56,841 [http-nio-8080-exec-1] DEBUG o.s.web.servlet.DispatcherServlet - GET "/webjars/bycdao-ui/highlight/styles/default.css", parameters={}
2021-09-13 17:07:56,842 [http-nio-8080-exec-1] DEBUG o.s.w.s.h.SimpleUrlHandlerMapping - Mapped to ResourceHttpRequestHandler [Classpath [META-INF/resources/webjars/]]
2021-09-13 17:07:56,844 [http-nio-8080-exec-5] DEBUG o.s.w.s.h.SimpleUrlHandlerMapping - Mapped to ResourceHttpRequestHandler [Classpath [META-INF/resources/webjars/]]
2021-09-13 17:07:56,846 [http-nio-8080-exec-1] DEBUG o.s.web.servlet.DispatcherServlet - Completed 304 NOT_MODIFIED
2021-09-13 17:07:56,846 [http-nio-8080-exec-5] DEBUG o.s.web.servlet.DispatcherServlet - Completed 304 NOT_MODIFIED
2021-09-13 17:07:56,841 [http-nio-8080-exec-2] DEBUG o.s.w.s.h.SimpleUrlHandlerMapping - Mapped to ResourceHttpRequestHandler [Classpath [META-INF/resources/webjars/]]
2021-09-13 17:07:56,847 [http-nio-8080-exec-3] DEBUG o.s.web.servlet.DispatcherServlet - GET "/webjars/bycdao-ui/layui/css/layui.css", parameters={}
2021-09-13 17:07:56,848 [http-nio-8080-exec-2] DEBUG o.s.web.servlet.DispatcherServlet - Completed 304 NOT_MODIFIED
2021-09-13 17:07:56,848 [http-nio-8080-exec-9] DEBUG o.s.web.servlet.DispatcherServlet - GET "/webjars/bycdao-ui/cdao/swaggerbootstrapui.css?v=1.9.6", parameters={masked}
2021-09-13 17:07:56,848 [http-nio-8080-exec-10] DEBUG o.s.web.servlet.DispatcherServlet - Completed 304 NOT_MODIFIED
2021-09-13 17:07:56,848 [http-nio-8080-exec-9] DEBUG o.s.w.s.h.SimpleUrlHandlerMapping - Mapped to ResourceHttpRequestHandler [Classpath [META-INF/resources/webjars/]]
2021-09-13 17:07:56,848 [http-nio-8080-exec-3] DEBUG o.s.w.s.h.SimpleUrlHandlerMapping - Mapped to ResourceHttpRequestHandler [Classpath [META-INF/resources/webjars/]]
2021-09-13 17:07:56,850 [http-nio-8080-exec-9] DEBUG o.s.web.servlet.DispatcherServlet - Completed 304 NOT_MODIFIED
2021-09-13 17:07:56,850 [http-nio-8080-exec-3] DEBUG o.s.web.servlet.DispatcherServlet - Completed 304 NOT_MODIFIED
2021-09-13 17:07:56,852 [http-nio-8080-exec-9] DEBUG o.s.web.servlet.DispatcherServlet - GET "/webjars/bycdao-ui/bootstrap-tabx/css/bootstrap-tabs-x.min.css", parameters={}
2021-09-13 17:07:56,853 [http-nio-8080-exec-8] DEBUG o.s.web.servlet.DispatcherServlet - GET "/webjars/bycdao-ui/ext/editormd.min.css", parameters={}
2021-09-13 17:07:56,853 [http-nio-8080-exec-9] DEBUG o.s.w.s.h.SimpleUrlHandlerMapping - Mapped to ResourceHttpRequestHandler [Classpath [META-INF/resources/webjars/]]
2021-09-13 17:07:56,854 [http-nio-8080-exec-8] DEBUG o.s.w.s.h.SimpleUrlHandlerMapping - Mapped to ResourceHttpRequestHandler [Classpath [META-INF/resources/webjars/]]
2021-09-13 17:07:56,855 [http-nio-8080-exec-8] DEBUG o.s.web.servlet.DispatcherServlet - Completed 304 NOT_MODIFIED
2021-09-13 17:07:56,855 [http-nio-8080-exec-9] DEBUG o.s.web.servlet.DispatcherServlet - Completed 304 NOT_MODIFIED
2021-09-13 17:07:56,857 [http-nio-8080-exec-6] DEBUG o.s.web.servlet.DispatcherServlet - GET "/webjars/bycdao-ui/cdao/swaggerbootstrapui-md.css?v=1.9.6", parameters={masked}
2021-09-13 17:07:56,858 [http-nio-8080-exec-7] DEBUG o.s.web.servlet.DispatcherServlet - GET "/webjars/bycdao-ui/layer3.0.3/layer.js", parameters={}
2021-09-13 17:07:56,858 [http-nio-8080-exec-6] DEBUG o.s.w.s.h.SimpleUrlHandlerMapping - Mapped to ResourceHttpRequestHandler [Classpath [META-INF/resources/webjars/]]
2021-09-13 17:07:56,861 [http-nio-8080-exec-7] DEBUG o.s.w.s.h.SimpleUrlHandlerMapping - Mapped to ResourceHttpRequestHandler [Classpath [META-INF/resources/webjars/]]
2021-09-13 17:07:56,861 [http-nio-8080-exec-6] DEBUG o.s.web.servlet.DispatcherServlet - Completed 304 NOT_MODIFIED
2021-09-13 17:07:56,863 [http-nio-8080-exec-7] DEBUG o.s.web.servlet.DispatcherServlet - Completed 304 NOT_MODIFIED
2021-09-13 17:07:56,864 [http-nio-8080-exec-1] DEBUG o.s.web.servlet.DispatcherServlet - GET "/webjars/bycdao-ui/highlight/highlight.pack.js", parameters={}
2021-09-13 17:07:56,865 [http-nio-8080-exec-7] DEBUG o.s.web.servlet.DispatcherServlet - GET "/webjars/bycdao-ui/jquery/marked.js", parameters={}
2021-09-13 17:07:56,865 [http-nio-8080-exec-1] DEBUG o.s.w.s.h.SimpleUrlHandlerMapping - Mapped to ResourceHttpRequestHandler [Classpath [META-INF/resources/webjars/]]
2021-09-13 17:07:56,866 [http-nio-8080-exec-7] DEBUG o.s.w.s.h.SimpleUrlHandlerMapping - Mapped to ResourceHttpRequestHandler [Classpath [META-INF/resources/webjars/]]
2021-09-13 17:07:56,867 [http-nio-8080-exec-1] DEBUG o.s.web.servlet.DispatcherServlet - Completed 304 NOT_MODIFIED
2021-09-13 17:07:56,867 [http-nio-8080-exec-7] DEBUG o.s.web.servlet.DispatcherServlet - Completed 304 NOT_MODIFIED
2021-09-13 17:07:56,870 [http-nio-8080-exec-2] DEBUG o.s.web.servlet.DispatcherServlet - GET "/webjars/bycdao-ui/jquery/template-web.js", parameters={}
2021-09-13 17:07:56,870 [http-nio-8080-exec-10] DEBUG o.s.web.servlet.DispatcherServlet - GET "/webjars/bycdao-ui/jquery/axios.min.js", parameters={}
2021-09-13 17:07:56,871 [http-nio-8080-exec-2] DEBUG o.s.w.s.h.SimpleUrlHandlerMapping - Mapped to ResourceHttpRequestHandler [Classpath [META-INF/resources/webjars/]]
2021-09-13 17:07:56,871 [http-nio-8080-exec-10] DEBUG o.s.w.s.h.SimpleUrlHandlerMapping - Mapped to ResourceHttpRequestHandler [Classpath [META-INF/resources/webjars/]]
2021-09-13 17:07:56,873 [http-nio-8080-exec-2] DEBUG o.s.web.servlet.DispatcherServlet - Completed 304 NOT_MODIFIED
2021-09-13 17:07:56,873 [http-nio-8080-exec-10] DEBUG o.s.web.servlet.DispatcherServlet - Completed 304 NOT_MODIFIED
2021-09-13 17:07:56,875 [http-nio-8080-exec-3] DEBUG o.s.web.servlet.DispatcherServlet - GET "/webjars/bycdao-ui/bootstrap-tabx/js/bootstrap-tabs-x.min.js", parameters={}
2021-09-13 17:07:56,878 [http-nio-8080-exec-3] DEBUG o.s.w.s.h.SimpleUrlHandlerMapping - Mapped to ResourceHttpRequestHandler [Classpath [META-INF/resources/webjars/]]
2021-09-13 17:07:56,879 [http-nio-8080-exec-4] DEBUG o.s.web.servlet.DispatcherServlet - GET "/webjars/bycdao-ui/layui/layui.js", parameters={}
2021-09-13 17:07:56,880 [http-nio-8080-exec-4] DEBUG o.s.w.s.h.SimpleUrlHandlerMapping - Mapped to ResourceHttpRequestHandler [Classpath [META-INF/resources/webjars/]]
2021-09-13 17:07:56,881 [http-nio-8080-exec-3] DEBUG o.s.web.servlet.DispatcherServlet - Completed 304 NOT_MODIFIED
2021-09-13 17:07:56,882 [http-nio-8080-exec-4] DEBUG o.s.web.servlet.DispatcherServlet - Completed 304 NOT_MODIFIED
2021-09-13 17:07:56,884 [http-nio-8080-exec-4] DEBUG o.s.web.servlet.DispatcherServlet - GET "/webjars/bycdao-ui/ace-editor/ace.js", parameters={}
2021-09-13 17:07:56,884 [http-nio-8080-exec-3] DEBUG o.s.web.servlet.DispatcherServlet - GET "/webjars/bycdao-ui/jquery/showdown.min.js", parameters={}
2021-09-13 17:07:56,885 [http-nio-8080-exec-4] DEBUG o.s.w.s.h.SimpleUrlHandlerMapping - Mapped to ResourceHttpRequestHandler [Classpath [META-INF/resources/webjars/]]
2021-09-13 17:07:56,885 [http-nio-8080-exec-3] DEBUG o.s.w.s.h.SimpleUrlHandlerMapping - Mapped to ResourceHttpRequestHandler [Classpath [META-INF/resources/webjars/]]
2021-09-13 17:07:56,887 [http-nio-8080-exec-4] DEBUG o.s.web.servlet.DispatcherServlet - Completed 304 NOT_MODIFIED
2021-09-13 17:07:56,887 [http-nio-8080-exec-3] DEBUG o.s.web.servlet.DispatcherServlet - Completed 304 NOT_MODIFIED
2021-09-13 17:07:56,893 [http-nio-8080-exec-6] DEBUG o.s.web.servlet.DispatcherServlet - GET "/webjars/bycdao-ui/jquery/async.min.js", parameters={}
2021-09-13 17:07:56,894 [http-nio-8080-exec-5] DEBUG o.s.web.servlet.DispatcherServlet - GET "/webjars/bycdao-ui/jquery/md5.min.js", parameters={}
2021-09-13 17:07:56,895 [http-nio-8080-exec-6] DEBUG o.s.w.s.h.SimpleUrlHandlerMapping - Mapped to ResourceHttpRequestHandler [Classpath [META-INF/resources/webjars/]]
2021-09-13 17:07:56,895 [http-nio-8080-exec-5] DEBUG o.s.w.s.h.SimpleUrlHandlerMapping - Mapped to ResourceHttpRequestHandler [Classpath [META-INF/resources/webjars/]]
2021-09-13 17:07:56,897 [http-nio-8080-exec-6] DEBUG o.s.web.servlet.DispatcherServlet - Completed 304 NOT_MODIFIED
2021-09-13 17:07:56,897 [http-nio-8080-exec-5] DEBUG o.s.web.servlet.DispatcherServlet - Completed 304 NOT_MODIFIED
2021-09-13 17:07:56,897 [http-nio-8080-exec-7] DEBUG o.s.web.servlet.DispatcherServlet - GET "/webjars/bycdao-ui/jquery/json5.js", parameters={}
2021-09-13 17:07:56,898 [http-nio-8080-exec-7] DEBUG o.s.w.s.h.SimpleUrlHandlerMapping - Mapped to ResourceHttpRequestHandler [Classpath [META-INF/resources/webjars/]]
2021-09-13 17:07:56,899 [http-nio-8080-exec-7] DEBUG o.s.web.servlet.DispatcherServlet - Completed 304 NOT_MODIFIED
2021-09-13 17:07:56,899 [http-nio-8080-exec-1] DEBUG o.s.web.servlet.DispatcherServlet - GET "/webjars/bycdao-ui/cdao/swaggerbootstrapui.js?v=1.9.6", parameters={masked}
2021-09-13 17:07:56,900 [http-nio-8080-exec-1] DEBUG o.s.w.s.h.SimpleUrlHandlerMapping - Mapped to ResourceHttpRequestHandler [Classpath [META-INF/resources/webjars/]]
2021-09-13 17:07:56,902 [http-nio-8080-exec-1] DEBUG o.s.web.servlet.DispatcherServlet - Completed 304 NOT_MODIFIED
2021-09-13 17:07:56,960 [http-nio-8080-exec-2] DEBUG o.s.web.servlet.DispatcherServlet - GET "/webjars/bycdao-ui/layer3.0.3/skin/default/layer.css?v=3.0.3303", parameters={masked}
2021-09-13 17:07:56,962 [http-nio-8080-exec-2] DEBUG o.s.w.s.h.SimpleUrlHandlerMapping - Mapped to ResourceHttpRequestHandler [Classpath [META-INF/resources/webjars/]]
2021-09-13 17:07:56,963 [http-nio-8080-exec-2] DEBUG o.s.web.servlet.DispatcherServlet - Completed 304 NOT_MODIFIED
2021-09-13 17:07:57,080 [http-nio-8080-exec-10] DEBUG o.s.web.servlet.DispatcherServlet - GET "/webjars/bycdao-ui/ext/sbuadmin.js", parameters={}
2021-09-13 17:07:57,081 [http-nio-8080-exec-10] DEBUG o.s.w.s.h.SimpleUrlHandlerMapping - Mapped to ResourceHttpRequestHandler [Classpath [META-INF/resources/webjars/]]
2021-09-13 17:07:57,082 [http-nio-8080-exec-10] DEBUG o.s.web.servlet.DispatcherServlet - Completed 304 NOT_MODIFIED
2021-09-13 17:07:57,091 [http-nio-8080-exec-8] DEBUG o.s.web.servlet.DispatcherServlet - GET "/webjars/bycdao-ui/layui/lay/modules/layer.js", parameters={}
2021-09-13 17:07:57,093 [http-nio-8080-exec-8] DEBUG o.s.w.s.h.SimpleUrlHandlerMapping - Mapped to ResourceHttpRequestHandler [Classpath [META-INF/resources/webjars/]]
2021-09-13 17:07:57,096 [http-nio-8080-exec-8] DEBUG o.s.web.servlet.DispatcherServlet - Completed 304 NOT_MODIFIED
2021-09-13 17:07:57,131 [http-nio-8080-exec-9] DEBUG o.s.web.servlet.DispatcherServlet - GET "/webjars/bycdao-ui/layui/css/modules/layer/default/layer.css?v=3.1.1", parameters={masked}
2021-09-13 17:07:57,132 [http-nio-8080-exec-9] DEBUG o.s.w.s.h.SimpleUrlHandlerMapping - Mapped to ResourceHttpRequestHandler [Classpath [META-INF/resources/webjars/]]
2021-09-13 17:07:57,135 [http-nio-8080-exec-9] DEBUG o.s.web.servlet.DispatcherServlet - Completed 304 NOT_MODIFIED
2021-09-13 17:07:57,135 [http-nio-8080-exec-4] DEBUG o.s.web.servlet.DispatcherServlet - GET "/webjars/bycdao-ui/layui/lay/modules/element.js", parameters={}
2021-09-13 17:07:57,135 [http-nio-8080-exec-4] DEBUG o.s.w.s.h.SimpleUrlHandlerMapping - Mapped to ResourceHttpRequestHandler [Classpath [META-INF/resources/webjars/]]
2021-09-13 17:07:57,137 [http-nio-8080-exec-4] DEBUG o.s.web.servlet.DispatcherServlet - Completed 304 NOT_MODIFIED
2021-09-13 17:07:57,163 [http-nio-8080-exec-3] DEBUG o.s.web.servlet.DispatcherServlet - GET "/webjars/bycdao-ui/ext/treetable.js", parameters={}
2021-09-13 17:07:57,167 [http-nio-8080-exec-3] DEBUG o.s.w.s.h.SimpleUrlHandlerMapping - Mapped to ResourceHttpRequestHandler [Classpath [META-INF/resources/webjars/]]
2021-09-13 17:07:57,168 [http-nio-8080-exec-3] DEBUG o.s.web.servlet.DispatcherServlet - Completed 304 NOT_MODIFIED
2021-09-13 17:07:57,175 [http-nio-8080-exec-6] DEBUG o.s.web.servlet.DispatcherServlet - GET "/webjars/bycdao-ui/layui/lay/modules/table.js", parameters={}
2021-09-13 17:07:57,175 [http-nio-8080-exec-6] DEBUG o.s.w.s.h.SimpleUrlHandlerMapping - Mapped to ResourceHttpRequestHandler [Classpath [META-INF/resources/webjars/]]
2021-09-13 17:07:57,184 [http-nio-8080-exec-6] DEBUG o.s.web.servlet.DispatcherServlet - Completed 304 NOT_MODIFIED
2021-09-13 17:07:57,199 [http-nio-8080-exec-5] DEBUG o.s.web.servlet.DispatcherServlet - GET "/webjars/bycdao-ui/layui/lay/modules/laytpl.js", parameters={}
2021-09-13 17:07:57,200 [http-nio-8080-exec-5] DEBUG o.s.w.s.h.SimpleUrlHandlerMapping - Mapped to ResourceHttpRequestHandler [Classpath [META-INF/resources/webjars/]]
2021-09-13 17:07:57,201 [http-nio-8080-exec-5] DEBUG o.s.web.servlet.DispatcherServlet - Completed 304 NOT_MODIFIED
2021-09-13 17:07:57,207 [http-nio-8080-exec-7] DEBUG o.s.web.servlet.DispatcherServlet - GET "/webjars/bycdao-ui/layui/lay/modules/laypage.js", parameters={}
2021-09-13 17:07:57,207 [http-nio-8080-exec-7] DEBUG o.s.w.s.h.SimpleUrlHandlerMapping - Mapped to ResourceHttpRequestHandler [Classpath [META-INF/resources/webjars/]]
2021-09-13 17:07:57,208 [http-nio-8080-exec-7] DEBUG o.s.web.servlet.DispatcherServlet - Completed 304 NOT_MODIFIED
2021-09-13 17:07:57,220 [http-nio-8080-exec-1] DEBUG o.s.web.servlet.DispatcherServlet - GET "/webjars/bycdao-ui/layui/lay/modules/form.js", parameters={}
2021-09-13 17:07:57,221 [http-nio-8080-exec-1] DEBUG o.s.w.s.h.SimpleUrlHandlerMapping - Mapped to ResourceHttpRequestHandler [Classpath [META-INF/resources/webjars/]]
2021-09-13 17:07:57,222 [http-nio-8080-exec-1] DEBUG o.s.web.servlet.DispatcherServlet - Completed 304 NOT_MODIFIED
2021-09-13 17:07:57,233 [http-nio-8080-exec-2] DEBUG o.s.web.servlet.DispatcherServlet - GET "/webjars/bycdao-ui/layui/lay/modules/util.js", parameters={}
2021-09-13 17:07:57,234 [http-nio-8080-exec-2] DEBUG o.s.w.s.h.SimpleUrlHandlerMapping - Mapped to ResourceHttpRequestHandler [Classpath [META-INF/resources/webjars/]]
2021-09-13 17:07:57,235 [http-nio-8080-exec-2] DEBUG o.s.web.servlet.DispatcherServlet - Completed 304 NOT_MODIFIED
2021-09-13 17:07:57,248 [http-nio-8080-exec-10] DEBUG o.s.web.servlet.DispatcherServlet - GET "/webjars/bycdao-ui/images/api.ico", parameters={}
2021-09-13 17:07:57,249 [http-nio-8080-exec-10] DEBUG o.s.w.s.h.SimpleUrlHandlerMapping - Mapped to ResourceHttpRequestHandler [Classpath [META-INF/resources/webjars/]]
2021-09-13 17:07:57,252 [http-nio-8080-exec-8] DEBUG o.s.web.servlet.DispatcherServlet - GET "/webjars/bycdao-ui/ext/treetable-lay/treetable.css", parameters={}
2021-09-13 17:07:57,253 [http-nio-8080-exec-8] DEBUG o.s.w.s.h.SimpleUrlHandlerMapping - Mapped to ResourceHttpRequestHandler [Classpath [META-INF/resources/webjars/]]
2021-09-13 17:07:57,255 [http-nio-8080-exec-8] DEBUG o.s.web.servlet.DispatcherServlet - Completed 304 NOT_MODIFIED
2021-09-13 17:07:57,272 [http-nio-8080-exec-9] DEBUG o.s.web.servlet.DispatcherServlet - GET "/swagger-resources/configuration/ui", parameters={}
2021-09-13 17:07:57,274 [http-nio-8080-exec-9] DEBUG o.s.w.s.m.m.a.RequestMappingHandlerMapping - Mapped to springfox.documentation.swagger.web.ApiResourceController#uiConfiguration()
2021-09-13 17:07:57,278 [http-nio-8080-exec-4] DEBUG o.s.web.servlet.DispatcherServlet - GET "/swagger-resources", parameters={}
2021-09-13 17:07:57,280 [http-nio-8080-exec-4] DEBUG o.s.w.s.m.m.a.RequestMappingHandlerMapping - Mapped to springfox.documentation.swagger.web.ApiResourceController#swaggerResources()
2021-09-13 17:07:57,306 [http-nio-8080-exec-10] DEBUG o.s.web.servlet.DispatcherServlet - Completed 200 OK
2021-09-13 17:07:57,321 [http-nio-8080-exec-4] DEBUG o.s.w.s.m.m.a.HttpEntityMethodProcessor - Using 'application/json', given [application/json, text/javascript, */*;q=0.01] and supported [application/json, application/*+json, application/json, application/*+json]
2021-09-13 17:07:57,322 [http-nio-8080-exec-4] DEBUG o.s.w.s.m.m.a.HttpEntityMethodProcessor - Writing [[springfox.documentation.swagger.web.SwaggerResource@23e76e2e]]
2021-09-13 17:07:57,348 [http-nio-8080-exec-9] DEBUG o.s.w.s.m.m.a.HttpEntityMethodProcessor - Using 'application/json', given [application/json, text/javascript, */*;q=0.01] and supported [application/json, application/*+json, application/json, application/*+json]
2021-09-13 17:07:57,348 [http-nio-8080-exec-9] DEBUG o.s.w.s.m.m.a.HttpEntityMethodProcessor - Writing [springfox.documentation.swagger.web.UiConfiguration@5db11292]
2021-09-13 17:07:57,351 [http-nio-8080-exec-4] DEBUG o.s.web.servlet.DispatcherServlet - Completed 200 OK
2021-09-13 17:07:57,351 [http-nio-8080-exec-9] DEBUG o.s.web.servlet.DispatcherServlet - Completed 200 OK
2021-09-13 17:07:57,359 [http-nio-8080-exec-3] DEBUG o.s.web.servlet.DispatcherServlet - GET "/v2/api-docs", parameters={}
2021-09-13 17:07:57,361 [http-nio-8080-exec-3] DEBUG o.s.w.s.m.m.a.RequestMappingHandlerMapping - Mapped to springfox.documentation.swagger2.web.Swagger2Controller#getDocumentation(String, HttpServletRequest)
2021-09-13 17:07:57,525 [http-nio-8080-exec-3] DEBUG o.s.w.s.m.m.a.HttpEntityMethodProcessor - Using 'application/json', given [application/json, text/javascript, */*;q=0.01] and supported [application/json, application/hal+json]
2021-09-13 17:07:57,531 [http-nio-8080-exec-3] DEBUG o.s.w.s.m.m.a.HttpEntityMethodProcessor - Writing [springfox.documentation.spring.web.json.Json@52750096]
2021-09-13 17:07:57,532 [http-nio-8080-exec-3] DEBUG o.s.web.servlet.DispatcherServlet - Completed 200 OK
2021-09-13 17:07:57,707 [http-nio-8080-exec-6] DEBUG o.s.web.servlet.DispatcherServlet - GET "/webjars/bycdao-ui/layui/font/iconfont.woff?v=240", parameters={masked}
2021-09-13 17:07:57,708 [http-nio-8080-exec-6] DEBUG o.s.w.s.h.SimpleUrlHandlerMapping - Mapped to ResourceHttpRequestHandler [Classpath [META-INF/resources/webjars/]]
2021-09-13 17:07:57,709 [http-nio-8080-exec-6] DEBUG o.s.web.servlet.DispatcherServlet - Completed 304 NOT_MODIFIED
2021-09-13 17:07:57,764 [http-nio-8080-exec-5] DEBUG o.s.web.servlet.DispatcherServlet - GET "/webjars/bycdao-ui/ace-editor/mode-json.js", parameters={}
2021-09-13 17:07:57,765 [http-nio-8080-exec-5] DEBUG o.s.w.s.h.SimpleUrlHandlerMapping - Mapped to ResourceHttpRequestHandler [Classpath [META-INF/resources/webjars/]]
2021-09-13 17:07:57,766 [http-nio-8080-exec-5] DEBUG o.s.web.servlet.DispatcherServlet - Completed 304 NOT_MODIFIED
2021-09-13 17:07:57,770 [http-nio-8080-exec-7] DEBUG o.s.web.servlet.DispatcherServlet - GET "/webjars/bycdao-ui/ace-editor/theme-eclipse.js", parameters={}
2021-09-13 17:07:57,771 [http-nio-8080-exec-7] DEBUG o.s.w.s.h.SimpleUrlHandlerMapping - Mapped to ResourceHttpRequestHandler [Classpath [META-INF/resources/webjars/]]
2021-09-13 17:07:57,772 [http-nio-8080-exec-7] DEBUG o.s.web.servlet.DispatcherServlet - Completed 304 NOT_MODIFIED
2021-09-13 17:07:57,897 [http-nio-8080-exec-1] DEBUG o.s.web.servlet.DispatcherServlet - GET "/webjars/bycdao-ui/ace-editor/worker-json.js", parameters={}
2021-09-13 17:07:57,898 [http-nio-8080-exec-1] DEBUG o.s.w.s.h.SimpleUrlHandlerMapping - Mapped to ResourceHttpRequestHandler [Classpath [META-INF/resources/webjars/]]
2021-09-13 17:07:57,899 [http-nio-8080-exec-1] DEBUG o.s.web.servlet.DispatcherServlet - Completed 304 NOT_MODIFIED
2021-09-13 17:08:04,195 [http-nio-8080-exec-2] DEBUG o.s.web.servlet.DispatcherServlet - GET "/webjars/bycdao-ui/layer3.0.3/skin/default/loading-1.gif", parameters={}
2021-09-13 17:08:04,196 [http-nio-8080-exec-2] DEBUG o.s.w.s.h.SimpleUrlHandlerMapping - Mapped to ResourceHttpRequestHandler [Classpath [META-INF/resources/webjars/]]
2021-09-13 17:08:04,197 [http-nio-8080-exec-2] DEBUG o.s.web.servlet.DispatcherServlet - Completed 304 NOT_MODIFIED
2021-09-13 17:08:04,198 [http-nio-8080-exec-8] DEBUG o.s.web.servlet.DispatcherServlet - POST "/redis-login", parameters={}
2021-09-13 17:08:04,198 [http-nio-8080-exec-8] DEBUG o.s.w.s.m.m.a.RequestMappingHandlerMapping - Mapped to com.cheche.springcloud.alibaba.controller.RedisController#redisLogin(User)
2021-09-13 17:08:04,244 [http-nio-8080-exec-8] DEBUG o.s.w.s.m.m.a.RequestResponseBodyMethodProcessor - Read "application/json;charset=UTF-8" to [User(userName=, passWord=)]
2021-09-13 17:08:04,251 [http-nio-8080-exec-8] INFO  c.c.s.a.controller.RedisController - 测试数据，请注意观察，请查看
2021-09-13 17:08:04,263 [http-nio-8080-exec-8] DEBUG o.s.w.s.m.m.a.RequestResponseBodyMethodProcessor - Using 'application/json', given [*/*] and supported [application/json, application/*+json, application/json, application/*+json]
2021-09-13 17:08:04,263 [http-nio-8080-exec-8] DEBUG o.s.w.s.m.m.a.RequestResponseBodyMethodProcessor - Writing [Result(code=200, message=OK, timestamp=2021-09-13 17:08:04 256, data=User(userName=, passWord=))]
2021-09-13 17:08:04,266 [http-nio-8080-exec-8] DEBUG o.s.web.servlet.DispatcherServlet - Completed 200 OK
2021-09-13 17:08:19,745 [http-nio-8080-exec-10] DEBUG o.s.web.servlet.DispatcherServlet - POST "/redis-login", parameters={}
2021-09-13 17:08:19,746 [http-nio-8080-exec-10] DEBUG o.s.w.s.m.m.a.RequestMappingHandlerMapping - Mapped to com.cheche.springcloud.alibaba.controller.RedisController#redisLogin(User)
2021-09-13 17:08:19,747 [http-nio-8080-exec-10] DEBUG o.s.w.s.m.m.a.RequestResponseBodyMethodProcessor - Read "application/json;charset=UTF-8" to [User(userName=张三, passWord=)]
2021-09-13 17:08:19,747 [http-nio-8080-exec-10] INFO  c.c.s.a.controller.RedisController - 测试数据，请注意观察，请查看张三
2021-09-13 17:08:19,748 [http-nio-8080-exec-10] DEBUG o.s.w.s.m.m.a.RequestResponseBodyMethodProcessor - Using 'application/json', given [*/*] and supported [application/json, application/*+json, application/json, application/*+json]
2021-09-13 17:08:19,748 [http-nio-8080-exec-10] DEBUG o.s.w.s.m.m.a.RequestResponseBodyMethodProcessor - Writing [Result(code=200, message=OK, timestamp=2021-09-13 17:08:19 747, data=User(userName=张三, passWord=))]
2021-09-13 17:08:19,749 [http-nio-8080-exec-10] DEBUG o.s.web.servlet.DispatcherServlet - Completed 200 OK
2021-09-13 17:09:03,079 [main] INFO  c.c.s.a.SpringcloudAlibabaApplication - Starting SpringcloudAlibabaApplication using Java 1.8.0_131 on DESKTOP-1137E26 with PID 13524 (D:\java_work\idea\work_space_02\springcloud-alibaba\target\classes started by 17611 in D:\java_work\idea\work_space_02\springcloud-alibaba)
2021-09-13 17:09:03,083 [main] INFO  c.c.s.a.SpringcloudAlibabaApplication - No active profile set, falling back to default profiles: default
2021-09-13 17:09:04,364 [main] INFO  o.s.d.r.c.RepositoryConfigurationDelegate - Multiple Spring Data modules found, entering strict repository configuration mode!
2021-09-13 17:09:04,367 [main] INFO  o.s.d.r.c.RepositoryConfigurationDelegate - Bootstrapping Spring Data Redis repositories in DEFAULT mode.
2021-09-13 17:09:04,396 [main] INFO  o.s.d.r.c.RepositoryConfigurationDelegate - Finished Spring Data repository scanning in 8 ms. Found 0 Redis repository interfaces.
2021-09-13 17:09:05,151 [main] INFO  o.s.b.w.e.tomcat.TomcatWebServer - Tomcat initialized with port(s): 8080 (http)
2021-09-13 17:09:05,165 [main] INFO  o.a.coyote.http11.Http11NioProtocol - Initializing ProtocolHandler ["http-nio-8080"]
2021-09-13 17:09:05,166 [main] INFO  o.a.catalina.core.StandardService - Starting service [Tomcat]
2021-09-13 17:09:05,166 [main] INFO  o.a.catalina.core.StandardEngine - Starting Servlet engine: [Apache Tomcat/9.0.52]
2021-09-13 17:09:05,281 [main] INFO  o.a.c.c.C.[Tomcat].[localhost].[/] - Initializing Spring embedded WebApplicationContext
2021-09-13 17:09:05,281 [main] INFO  o.s.b.w.s.c.ServletWebServerApplicationContext - Root WebApplicationContext: initialization completed in 2124 ms
2021-09-13 17:09:06,298 [main] DEBUG o.s.w.s.m.m.a.RequestMappingHandlerMapping - 8 mappings in 'requestMappingHandlerMapping'
2021-09-13 17:09:06,590 [main] DEBUG o.s.w.s.m.m.a.RequestMappingHandlerAdapter - ControllerAdvice beans: 0 @ModelAttribute, 0 @InitBinder, 1 RequestBodyAdvice, 1 ResponseBodyAdvice
2021-09-13 17:09:06,677 [main] DEBUG o.s.w.s.h.SimpleUrlHandlerMapping - Patterns [/webjars/**, /**] in 'resourceHandlerMapping'
2021-09-13 17:09:06,687 [main] DEBUG o.s.w.s.m.m.a.ExceptionHandlerExceptionResolver - ControllerAdvice beans: 0 @ExceptionHandler, 1 ResponseBodyAdvice
2021-09-13 17:09:06,963 [main] INFO  o.a.coyote.http11.Http11NioProtocol - Starting ProtocolHandler ["http-nio-8080"]
2021-09-13 17:09:06,993 [main] INFO  o.s.b.w.e.tomcat.TomcatWebServer - Tomcat started on port(s): 8080 (http) with context path ''
2021-09-13 17:09:06,994 [main] INFO  s.d.s.w.p.DocumentationPluginsBootstrapper - Context refreshed
2021-09-13 17:09:07,019 [main] INFO  s.d.s.w.p.DocumentationPluginsBootstrapper - Found 1 custom documentation plugin(s)
2021-09-13 17:09:07,040 [main] INFO  s.d.s.w.s.ApiListingReferenceScanner - Scanning for api listing references
2021-09-13 17:09:07,303 [main] INFO  c.c.s.a.SpringcloudAlibabaApplication - Started SpringcloudAlibabaApplication in 5.074 seconds (JVM running for 7.571)
2021-09-13 17:09:36,653 [http-nio-8080-exec-1] INFO  o.a.c.c.C.[Tomcat].[localhost].[/] - Initializing Spring DispatcherServlet 'dispatcherServlet'
2021-09-13 17:09:36,653 [http-nio-8080-exec-1] INFO  o.s.web.servlet.DispatcherServlet - Initializing Servlet 'dispatcherServlet'
2021-09-13 17:09:36,653 [http-nio-8080-exec-1] DEBUG o.s.web.servlet.DispatcherServlet - Detected StandardServletMultipartResolver
2021-09-13 17:09:36,653 [http-nio-8080-exec-1] DEBUG o.s.web.servlet.DispatcherServlet - Detected AcceptHeaderLocaleResolver
2021-09-13 17:09:36,653 [http-nio-8080-exec-1] DEBUG o.s.web.servlet.DispatcherServlet - Detected FixedThemeResolver
2021-09-13 17:09:36,654 [http-nio-8080-exec-1] DEBUG o.s.web.servlet.DispatcherServlet - Detected org.springframework.web.servlet.view.DefaultRequestToViewNameTranslator@6c7ddf28
2021-09-13 17:09:36,654 [http-nio-8080-exec-1] DEBUG o.s.web.servlet.DispatcherServlet - Detected org.springframework.web.servlet.support.SessionFlashMapManager@60567d2d
2021-09-13 17:09:36,654 [http-nio-8080-exec-1] DEBUG o.s.web.servlet.DispatcherServlet - enableLoggingRequestDetails='false': request parameters and headers will be masked to prevent unsafe logging of potentially sensitive data
2021-09-13 17:09:36,655 [http-nio-8080-exec-1] INFO  o.s.web.servlet.DispatcherServlet - Completed initialization in 2 ms
2021-09-13 17:09:36,670 [http-nio-8080-exec-1] DEBUG o.s.web.servlet.DispatcherServlet - GET "/doc.html", parameters={}
2021-09-13 17:09:36,682 [http-nio-8080-exec-1] DEBUG o.s.w.s.h.SimpleUrlHandlerMapping - Mapped to ResourceHttpRequestHandler [Classpath [META-INF/resources/], Classpath [resources/], Classpath [static/], Classpath [public/], ServletContext [/]]
2021-09-13 17:09:36,688 [http-nio-8080-exec-1] DEBUG o.s.web.servlet.DispatcherServlet - Completed 304 NOT_MODIFIED
2021-09-13 17:09:37,004 [http-nio-8080-exec-2] DEBUG o.s.web.servlet.DispatcherServlet - GET "/webjars/bycdao-ui/images/api.ico", parameters={}
2021-09-13 17:09:37,006 [http-nio-8080-exec-2] DEBUG o.s.w.s.h.SimpleUrlHandlerMapping - Mapped to ResourceHttpRequestHandler [Classpath [META-INF/resources/webjars/]]
2021-09-13 17:09:37,018 [http-nio-8080-exec-3] DEBUG o.s.web.servlet.DispatcherServlet - GET "/swagger-resources/configuration/ui", parameters={}
2021-09-13 17:09:37,022 [http-nio-8080-exec-3] DEBUG o.s.w.s.m.m.a.RequestMappingHandlerMapping - Mapped to springfox.documentation.swagger.web.ApiResourceController#uiConfiguration()
2021-09-13 17:09:37,035 [http-nio-8080-exec-4] DEBUG o.s.web.servlet.DispatcherServlet - GET "/swagger-resources", parameters={}
2021-09-13 17:09:37,037 [http-nio-8080-exec-4] DEBUG o.s.w.s.m.m.a.RequestMappingHandlerMapping - Mapped to springfox.documentation.swagger.web.ApiResourceController#swaggerResources()
2021-09-13 17:09:37,071 [http-nio-8080-exec-2] DEBUG o.s.web.servlet.DispatcherServlet - Completed 200 OK
2021-09-13 17:09:37,086 [http-nio-8080-exec-4] DEBUG o.s.w.s.m.m.a.HttpEntityMethodProcessor - Using 'application/json', given [application/json, text/javascript, */*;q=0.01] and supported [application/json, application/*+json, application/json, application/*+json]
2021-09-13 17:09:37,087 [http-nio-8080-exec-4] DEBUG o.s.w.s.m.m.a.HttpEntityMethodProcessor - Writing [[springfox.documentation.swagger.web.SwaggerResource@5d3c3bdc]]
2021-09-13 17:09:37,111 [http-nio-8080-exec-3] DEBUG o.s.w.s.m.m.a.HttpEntityMethodProcessor - Using 'application/json', given [application/json, text/javascript, */*;q=0.01] and supported [application/json, application/*+json, application/json, application/*+json]
2021-09-13 17:09:37,112 [http-nio-8080-exec-3] DEBUG o.s.w.s.m.m.a.HttpEntityMethodProcessor - Writing [springfox.documentation.swagger.web.UiConfiguration@956544d]
2021-09-13 17:09:37,115 [http-nio-8080-exec-3] DEBUG o.s.web.servlet.DispatcherServlet - Completed 200 OK
2021-09-13 17:09:37,117 [http-nio-8080-exec-4] DEBUG o.s.web.servlet.DispatcherServlet - Completed 200 OK
2021-09-13 17:09:37,131 [http-nio-8080-exec-5] DEBUG o.s.web.servlet.DispatcherServlet - GET "/v2/api-docs", parameters={}
2021-09-13 17:09:37,132 [http-nio-8080-exec-5] DEBUG o.s.w.s.m.m.a.RequestMappingHandlerMapping - Mapped to springfox.documentation.swagger2.web.Swagger2Controller#getDocumentation(String, HttpServletRequest)
2021-09-13 17:09:37,286 [http-nio-8080-exec-5] DEBUG o.s.w.s.m.m.a.HttpEntityMethodProcessor - Using 'application/json', given [application/json, text/javascript, */*;q=0.01] and supported [application/json, application/hal+json]
2021-09-13 17:09:37,289 [http-nio-8080-exec-5] DEBUG o.s.w.s.m.m.a.HttpEntityMethodProcessor - Writing [springfox.documentation.spring.web.json.Json@4b9f53d8]
2021-09-13 17:09:37,290 [http-nio-8080-exec-5] DEBUG o.s.web.servlet.DispatcherServlet - Completed 200 OK
2021-09-13 17:09:40,766 [http-nio-8080-exec-6] DEBUG o.s.web.servlet.DispatcherServlet - POST "/redis-login", parameters={}
2021-09-13 17:09:40,767 [http-nio-8080-exec-6] DEBUG o.s.w.s.m.m.a.RequestMappingHandlerMapping - Mapped to com.cheche.springcloud.alibaba.controller.RedisController#redisLogin(User)
2021-09-13 17:09:40,810 [http-nio-8080-exec-6] DEBUG o.s.w.s.m.m.a.RequestResponseBodyMethodProcessor - Read "application/json;charset=UTF-8" to [User(userName=张三, passWord=)]
2021-09-13 17:09:40,817 [http-nio-8080-exec-6] INFO  c.c.s.a.controller.RedisController - 测试数据，请注意观察，请查看[userName-张三]
2021-09-13 17:09:40,828 [http-nio-8080-exec-6] DEBUG o.s.w.s.m.m.a.RequestResponseBodyMethodProcessor - Using 'application/json', given [*/*] and supported [application/json, application/*+json, application/json, application/*+json]
2021-09-13 17:09:40,828 [http-nio-8080-exec-6] DEBUG o.s.w.s.m.m.a.RequestResponseBodyMethodProcessor - Writing [Result(code=200, message=OK, timestamp=2021-09-13 17:09:40 821, data=User(userName=张三, passWord=))]
2021-09-13 17:09:40,832 [http-nio-8080-exec-6] DEBUG o.s.web.servlet.DispatcherServlet - Completed 200 OK
